2016-12-30 11:42:35,386 [Worker-10] INFO  o.e.m.c.i.l.LifecycleMappingFactory - Using NULL lifecycle mapping for MavenProject: com.library:library-app:0.0.1-SNAPSHOT @ C:\Users\jstrahm\git\jstrahm-dev\j2ee-app\library-app\pom.xml.
2016-12-30 11:44:33,204 [Worker-3] INFO  o.e.m.c.i.l.LifecycleMappingFactory - Using NULL lifecycle mapping for MavenProject: com.library:library-app:0.0.1-SNAPSHOT @ C:\Users\jstrahm\git\jstrahm-dev\j2ee-app\library-app\pom.xml.
2016-12-30 11:44:34,210 [Worker-3] INFO  o.e.m.c.i.e.AbstractTransferListenerAdapter - Downloading https://repository.jboss.org/nexus/content/groups/public-jboss/javax/javaee-api/7.0/javaee-api-7.0.pom
2016-12-30 11:44:34,427 [Worker-3] INFO  o.e.m.c.i.e.AbstractTransferListenerAdapter - Downloaded https://repository.jboss.org/nexus/content/groups/public-jboss/javax/javaee-api/7.0/javaee-api-7.0.pom
2016-12-30 11:44:34,586 [Worker-3] INFO  o.e.m.c.i.e.AbstractTransferListenerAdapter - Downloading https://repository.jboss.org/nexus/content/groups/public-jboss/net/java/jvnet-parent/3/jvnet-parent-3.pom
2016-12-30 11:44:34,854 [Worker-3] INFO  o.e.m.c.i.e.AbstractTransferListenerAdapter - Downloaded https://repository.jboss.org/nexus/content/groups/public-jboss/net/java/jvnet-parent/3/jvnet-parent-3.pom
2016-12-30 11:44:34,961 [Worker-3] INFO  o.e.m.c.i.e.AbstractTransferListenerAdapter - Downloading https://repository.jboss.org/nexus/content/groups/public-jboss/com/sun/mail/javax.mail/1.5.0/javax.mail-1.5.0.pom
2016-12-30 11:44:35,368 [Worker-3] INFO  o.e.m.c.i.e.AbstractTransferListenerAdapter - Downloaded https://repository.jboss.org/nexus/content/groups/public-jboss/com/sun/mail/javax.mail/1.5.0/javax.mail-1.5.0.pom
2016-12-30 11:44:35,490 [Worker-3] INFO  o.e.m.c.i.e.AbstractTransferListenerAdapter - Downloading https://repository.jboss.org/nexus/content/groups/public-jboss/com/sun/mail/all/1.5.0/all-1.5.0.pom
2016-12-30 11:44:36,967 [Worker-3] INFO  o.e.m.c.i.e.AbstractTransferListenerAdapter - Downloaded https://repository.jboss.org/nexus/content/groups/public-jboss/com/sun/mail/all/1.5.0/all-1.5.0.pom
2016-12-30 11:44:37,107 [Worker-3] INFO  o.e.m.c.i.e.AbstractTransferListenerAdapter - Downloading https://repository.jboss.org/nexus/content/groups/public-jboss/net/java/jvnet-parent/1/jvnet-parent-1.pom
2016-12-30 11:44:37,475 [Worker-3] INFO  o.e.m.c.i.e.AbstractTransferListenerAdapter - Downloaded https://repository.jboss.org/nexus/content/groups/public-jboss/net/java/jvnet-parent/1/jvnet-parent-1.pom
2016-12-30 11:44:37,643 [Worker-3] INFO  o.e.m.c.i.e.AbstractTransferListenerAdapter - Downloading https://repository.jboss.org/nexus/content/groups/public-jboss/javax/activation/activation/1.1/activation-1.1.pom
2016-12-30 11:44:37,895 [Worker-3] INFO  o.e.m.c.i.e.AbstractTransferListenerAdapter - Downloaded https://repository.jboss.org/nexus/content/groups/public-jboss/javax/activation/activation/1.1/activation-1.1.pom
2016-12-30 11:44:38,155 [Worker-3] INFO  o.e.m.c.i.e.AbstractTransferListenerAdapter - Downloading https://repository.jboss.org/nexus/content/groups/public-jboss/org/mockito/mockito-core/1.9.5/mockito-core-1.9.5.pom
2016-12-30 11:44:38,420 [Worker-3] INFO  o.e.m.c.i.e.AbstractTransferListenerAdapter - Downloaded https://repository.jboss.org/nexus/content/groups/public-jboss/org/mockito/mockito-core/1.9.5/mockito-core-1.9.5.pom
2016-12-30 11:44:38,558 [Worker-3] INFO  o.e.m.c.i.e.AbstractTransferListenerAdapter - Downloading https://repository.jboss.org/nexus/content/groups/public-jboss/org/hamcrest/hamcrest-core/1.1/hamcrest-core-1.1.pom
2016-12-30 11:44:38,748 [Worker-3] INFO  o.e.m.c.i.e.AbstractTransferListenerAdapter - Downloaded https://repository.jboss.org/nexus/content/groups/public-jboss/org/hamcrest/hamcrest-core/1.1/hamcrest-core-1.1.pom
2016-12-30 11:44:38,920 [Worker-3] INFO  o.e.m.c.i.e.AbstractTransferListenerAdapter - Downloading https://repository.jboss.org/nexus/content/groups/public-jboss/org/hamcrest/hamcrest-parent/1.1/hamcrest-parent-1.1.pom
2016-12-30 11:44:39,195 [Worker-3] INFO  o.e.m.c.i.e.AbstractTransferListenerAdapter - Downloaded https://repository.jboss.org/nexus/content/groups/public-jboss/org/hamcrest/hamcrest-parent/1.1/hamcrest-parent-1.1.pom
2016-12-30 11:44:39,341 [Worker-3] INFO  o.e.m.c.i.e.AbstractTransferListenerAdapter - Downloading https://repository.jboss.org/nexus/content/groups/public-jboss/org/objenesis/objenesis/1.0/objenesis-1.0.pom
2016-12-30 11:44:39,534 [Worker-3] INFO  o.e.m.c.i.e.AbstractTransferListenerAdapter - Downloaded https://repository.jboss.org/nexus/content/groups/public-jboss/org/objenesis/objenesis/1.0/objenesis-1.0.pom
2016-12-30 11:44:39,640 [Worker-3] INFO  o.e.m.c.i.e.AbstractTransferListenerAdapter - Downloading https://repository.jboss.org/nexus/content/groups/public-jboss/javax/el/javax.el-api/2.2.4/javax.el-api-2.2.4.pom
2016-12-30 11:44:39,878 [Worker-3] INFO  o.e.m.c.i.e.AbstractTransferListenerAdapter - Downloaded https://repository.jboss.org/nexus/content/groups/public-jboss/javax/el/javax.el-api/2.2.4/javax.el-api-2.2.4.pom
2016-12-30 11:44:39,981 [Worker-3] INFO  o.e.m.c.i.e.AbstractTransferListenerAdapter - Downloading https://repository.jboss.org/nexus/content/groups/public-jboss/org/glassfish/web/javax.el/2.2.4/javax.el-2.2.4.pom
2016-12-30 11:44:40,220 [Worker-3] INFO  o.e.m.c.i.e.AbstractTransferListenerAdapter - Downloaded https://repository.jboss.org/nexus/content/groups/public-jboss/org/glassfish/web/javax.el/2.2.4/javax.el-2.2.4.pom
2016-12-30 11:44:40,344 [Worker-3] INFO  o.e.m.c.i.e.AbstractTransferListenerAdapter - Downloaded https://repository.jboss.org/nexus/content/groups/public-jboss/org/slf4j/slf4j-simple/1.6.4/slf4j-simple-1.6.4.pom
2016-12-30 11:44:40,554 [Worker-3] INFO  o.e.m.c.i.e.AbstractTransferListenerAdapter - Downloading https://repo.maven.apache.org/maven2/org/slf4j/slf4j-simple/1.6.4/slf4j-simple-1.6.4.pom
2016-12-30 11:44:40,595 [Worker-3] INFO  o.e.m.c.i.e.AbstractTransferListenerAdapter - Downloaded https://repo.maven.apache.org/maven2/org/slf4j/slf4j-simple/1.6.4/slf4j-simple-1.6.4.pom
2016-12-30 11:44:40,953 [Worker-3] INFO  o.e.m.c.i.e.AbstractTransferListenerAdapter - Downloaded https://repository.jboss.org/nexus/content/groups/public-jboss/org/slf4j/slf4j-parent/1.6.4/slf4j-parent-1.6.4.pom
2016-12-30 11:44:40,984 [Worker-3] INFO  o.e.m.c.i.e.AbstractTransferListenerAdapter - Downloading https://repo.maven.apache.org/maven2/org/slf4j/slf4j-parent/1.6.4/slf4j-parent-1.6.4.pom
2016-12-30 11:44:41,076 [Worker-3] INFO  o.e.m.c.i.e.AbstractTransferListenerAdapter - Downloaded https://repo.maven.apache.org/maven2/org/slf4j/slf4j-parent/1.6.4/slf4j-parent-1.6.4.pom
2016-12-30 11:44:41,461 [Worker-3] INFO  o.e.m.c.i.e.AbstractTransferListenerAdapter - Downloaded https://repository.jboss.org/nexus/content/groups/public-jboss/org/slf4j/slf4j-api/1.6.4/slf4j-api-1.6.4.pom
2016-12-30 11:44:41,509 [Worker-3] INFO  o.e.m.c.i.e.AbstractTransferListenerAdapter - Downloading https://repo.maven.apache.org/maven2/org/slf4j/slf4j-api/1.6.4/slf4j-api-1.6.4.pom
2016-12-30 11:44:41,595 [Worker-3] INFO  o.e.m.c.i.e.AbstractTransferListenerAdapter - Downloaded https://repo.maven.apache.org/maven2/org/slf4j/slf4j-api/1.6.4/slf4j-api-1.6.4.pom
2016-12-30 11:44:42,066 [Worker-3] INFO  o.e.m.c.i.e.AbstractTransferListenerAdapter - Downloading https://repository.jboss.org/nexus/content/groups/public-jboss/javax/javaee-api/7.0/javaee-api-7.0.jar
2016-12-30 11:44:43,657 [Worker-3] INFO  o.e.m.c.i.e.AbstractTransferListenerAdapter - Downloaded https://repository.jboss.org/nexus/content/groups/public-jboss/javax/javaee-api/7.0/javaee-api-7.0.jar
2016-12-30 11:44:43,727 [Worker-3] INFO  o.e.m.c.i.e.AbstractTransferListenerAdapter - Downloading https://repository.jboss.org/nexus/content/groups/public-jboss/com/sun/mail/javax.mail/1.5.0/javax.mail-1.5.0.jar
2016-12-30 11:44:44,122 [Worker-3] INFO  o.e.m.c.i.e.AbstractTransferListenerAdapter - Downloaded https://repository.jboss.org/nexus/content/groups/public-jboss/com/sun/mail/javax.mail/1.5.0/javax.mail-1.5.0.jar
2016-12-30 11:44:44,190 [Worker-3] INFO  o.e.m.c.i.e.AbstractTransferListenerAdapter - Downloading https://repository.jboss.org/nexus/content/groups/public-jboss/javax/activation/activation/1.1/activation-1.1.jar
2016-12-30 11:44:44,363 [Worker-3] INFO  o.e.m.c.i.e.AbstractTransferListenerAdapter - Downloaded https://repository.jboss.org/nexus/content/groups/public-jboss/javax/activation/activation/1.1/activation-1.1.jar
2016-12-30 11:44:44,429 [Worker-3] INFO  o.e.m.c.i.e.AbstractTransferListenerAdapter - Downloading https://repository.jboss.org/nexus/content/groups/public-jboss/junit/junit/4.11/junit-4.11.jar
2016-12-30 11:44:44,661 [Worker-3] INFO  o.e.m.c.i.e.AbstractTransferListenerAdapter - Downloaded https://repository.jboss.org/nexus/content/groups/public-jboss/junit/junit/4.11/junit-4.11.jar
2016-12-30 11:44:44,727 [Worker-3] INFO  o.e.m.c.i.e.AbstractTransferListenerAdapter - Downloading https://repository.jboss.org/nexus/content/groups/public-jboss/org/hamcrest/hamcrest-core/1.3/hamcrest-core-1.3.jar
2016-12-30 11:44:45,198 [Worker-3] INFO  o.e.m.c.i.e.AbstractTransferListenerAdapter - Downloaded https://repository.jboss.org/nexus/content/groups/public-jboss/org/hamcrest/hamcrest-core/1.3/hamcrest-core-1.3.jar
2016-12-30 11:44:45,264 [Worker-3] INFO  o.e.m.c.i.e.AbstractTransferListenerAdapter - Downloading https://repository.jboss.org/nexus/content/groups/public-jboss/org/mockito/mockito-core/1.9.5/mockito-core-1.9.5.jar
2016-12-30 11:44:46,226 [Worker-3] INFO  o.e.m.c.i.e.AbstractTransferListenerAdapter - Downloaded https://repository.jboss.org/nexus/content/groups/public-jboss/org/mockito/mockito-core/1.9.5/mockito-core-1.9.5.jar
2016-12-30 11:44:46,294 [Worker-3] INFO  o.e.m.c.i.e.AbstractTransferListenerAdapter - Downloading https://repository.jboss.org/nexus/content/groups/public-jboss/org/objenesis/objenesis/1.0/objenesis-1.0.jar
2016-12-30 11:44:46,673 [Worker-3] INFO  o.e.m.c.i.e.AbstractTransferListenerAdapter - Downloaded https://repository.jboss.org/nexus/content/groups/public-jboss/org/objenesis/objenesis/1.0/objenesis-1.0.jar
2016-12-30 11:44:46,746 [Worker-3] INFO  o.e.m.c.i.e.AbstractTransferListenerAdapter - Downloading https://repository.jboss.org/nexus/content/groups/public-jboss/javax/el/javax.el-api/2.2.4/javax.el-api-2.2.4.jar
2016-12-30 11:44:47,133 [Worker-3] INFO  o.e.m.c.i.e.AbstractTransferListenerAdapter - Downloaded https://repository.jboss.org/nexus/content/groups/public-jboss/javax/el/javax.el-api/2.2.4/javax.el-api-2.2.4.jar
2016-12-30 11:44:47,199 [Worker-3] INFO  o.e.m.c.i.e.AbstractTransferListenerAdapter - Downloading https://repository.jboss.org/nexus/content/groups/public-jboss/org/glassfish/web/javax.el/2.2.4/javax.el-2.2.4.jar
2016-12-30 11:44:47,466 [Worker-3] INFO  o.e.m.c.i.e.AbstractTransferListenerAdapter - Downloaded https://repository.jboss.org/nexus/content/groups/public-jboss/org/glassfish/web/javax.el/2.2.4/javax.el-2.2.4.jar
2016-12-30 11:44:47,536 [Worker-3] INFO  o.e.m.c.i.e.AbstractTransferListenerAdapter - Downloaded https://repository.jboss.org/nexus/content/groups/public-jboss/org/slf4j/slf4j-simple/1.6.4/slf4j-simple-1.6.4.jar
2016-12-30 11:44:49,449 [Worker-3] INFO  o.e.m.c.i.e.AbstractTransferListenerAdapter - Downloading https://repo.maven.apache.org/maven2/org/slf4j/slf4j-simple/1.6.4/slf4j-simple-1.6.4.jar
2016-12-30 11:44:49,526 [Worker-3] INFO  o.e.m.c.i.e.AbstractTransferListenerAdapter - Downloaded https://repo.maven.apache.org/maven2/org/slf4j/slf4j-simple/1.6.4/slf4j-simple-1.6.4.jar
2016-12-30 12:11:58,714 [Worker-24] INFO  o.e.m.c.i.e.AbstractTransferListenerAdapter - Downloading https://repo.maven.apache.org/maven2/org/apache/maven/plugins/maven-surefire-plugin/2.18/maven-surefire-plugin-2.18.jar
2016-12-30 12:11:58,867 [Worker-24] INFO  o.e.m.c.i.e.AbstractTransferListenerAdapter - Downloaded https://repo.maven.apache.org/maven2/org/apache/maven/plugins/maven-surefire-plugin/2.18/maven-surefire-plugin-2.18.jar
2016-12-30 12:11:59,054 [Worker-24] INFO  o.e.m.c.i.e.AbstractTransferListenerAdapter - Downloading https://repo.maven.apache.org/maven2/org/apache/maven/plugins/maven-jar-plugin/2.5/maven-jar-plugin-2.5.jar
2016-12-30 12:11:59,154 [Worker-24] INFO  o.e.m.c.i.e.AbstractTransferListenerAdapter - Downloaded https://repo.maven.apache.org/maven2/org/apache/maven/plugins/maven-jar-plugin/2.5/maven-jar-plugin-2.5.jar
2016-12-30 12:12:02,623 [Worker-24] INFO  o.e.m.c.i.l.LifecycleMappingFactory - Using org.eclipse.m2e.jdt.JarLifecycleMapping lifecycle mapping for MavenProject: com.library:library-module:0.0.1-SNAPSHOT @ C:\Users\jstrahm\git\jstrahm-dev\j2ee-app\library-app\library-module\pom.xml.
2016-12-30 12:12:02,945 [Worker-24] INFO  o.e.m.c.i.e.AbstractTransferListenerAdapter - Downloading https://repo.maven.apache.org/maven2/org/apache/maven/plugins/maven-surefire-plugin/2.18/maven-surefire-plugin-2.18.pom
2016-12-30 12:12:02,986 [Worker-24] INFO  o.e.m.c.i.e.AbstractTransferListenerAdapter - Downloaded https://repo.maven.apache.org/maven2/org/apache/maven/plugins/maven-surefire-plugin/2.18/maven-surefire-plugin-2.18.pom
2016-12-30 12:12:03,058 [Worker-24] INFO  o.e.m.c.i.e.AbstractTransferListenerAdapter - Downloading https://repo.maven.apache.org/maven2/org/apache/maven/surefire/surefire/2.18/surefire-2.18.pom
2016-12-30 12:12:03,118 [Worker-24] INFO  o.e.m.c.i.e.AbstractTransferListenerAdapter - Downloaded https://repo.maven.apache.org/maven2/org/apache/maven/surefire/surefire/2.18/surefire-2.18.pom
2016-12-30 12:12:03,160 [Worker-24] INFO  o.e.m.c.i.e.AbstractTransferListenerAdapter - Downloading https://repo.maven.apache.org/maven2/org/apache/maven/maven-parent/25/maven-parent-25.pom
2016-12-30 12:12:03,231 [Worker-24] INFO  o.e.m.c.i.e.AbstractTransferListenerAdapter - Downloaded https://repo.maven.apache.org/maven2/org/apache/maven/maven-parent/25/maven-parent-25.pom
2016-12-30 12:12:03,275 [Worker-24] INFO  o.e.m.c.i.e.AbstractTransferListenerAdapter - Downloading https://repo.maven.apache.org/maven2/org/apache/apache/15/apache-15.pom
2016-12-30 12:12:03,324 [Worker-24] INFO  o.e.m.c.i.e.AbstractTransferListenerAdapter - Downloaded https://repo.maven.apache.org/maven2/org/apache/apache/15/apache-15.pom
2016-12-30 12:12:03,373 [Worker-24] INFO  o.e.m.c.i.e.AbstractTransferListenerAdapter - Downloading https://repo.maven.apache.org/maven2/org/apache/maven/plugins/maven-jar-plugin/2.5/maven-jar-plugin-2.5.pom
2016-12-30 12:12:03,413 [Worker-24] INFO  o.e.m.c.i.e.AbstractTransferListenerAdapter - Downloaded https://repo.maven.apache.org/maven2/org/apache/maven/plugins/maven-jar-plugin/2.5/maven-jar-plugin-2.5.pom
2016-12-30 12:12:03,870 [Worker-24] INFO  o.e.m.c.i.e.AbstractTransferListenerAdapter - Downloading https://repo.maven.apache.org/maven2/org/codehaus/plexus/plexus-utils/3.0.15/plexus-utils-3.0.15.pom
2016-12-30 12:12:03,952 [Worker-24] INFO  o.e.m.c.i.e.AbstractTransferListenerAdapter - Downloaded https://repo.maven.apache.org/maven2/org/codehaus/plexus/plexus-utils/3.0.15/plexus-utils-3.0.15.pom
2016-12-30 12:12:04,005 [Worker-24] INFO  o.e.m.c.i.e.AbstractTransferListenerAdapter - Downloading https://repo.maven.apache.org/maven2/org/codehaus/plexus/plexus-archiver/2.4.4/plexus-archiver-2.4.4.pom
2016-12-30 12:12:04,043 [Worker-24] INFO  o.e.m.c.i.e.AbstractTransferListenerAdapter - Downloaded https://repo.maven.apache.org/maven2/org/codehaus/plexus/plexus-archiver/2.4.4/plexus-archiver-2.4.4.pom
2016-12-30 12:12:04,098 [Worker-24] INFO  o.e.m.c.i.e.AbstractTransferListenerAdapter - Downloading https://repo.maven.apache.org/maven2/org/codehaus/plexus/plexus-components/1.3/plexus-components-1.3.pom
2016-12-30 12:12:04,141 [Worker-24] INFO  o.e.m.c.i.e.AbstractTransferListenerAdapter - Downloaded https://repo.maven.apache.org/maven2/org/codehaus/plexus/plexus-components/1.3/plexus-components-1.3.pom
2016-12-30 12:12:04,206 [Worker-24] INFO  o.e.m.c.i.e.AbstractTransferListenerAdapter - Downloading https://repo.maven.apache.org/maven2/org/codehaus/plexus/plexus-io/2.0.10/plexus-io-2.0.10.pom
2016-12-30 12:12:04,245 [Worker-24] INFO  o.e.m.c.i.e.AbstractTransferListenerAdapter - Downloaded https://repo.maven.apache.org/maven2/org/codehaus/plexus/plexus-io/2.0.10/plexus-io-2.0.10.pom
2016-12-30 12:12:04,306 [Worker-24] INFO  o.e.m.c.i.e.AbstractTransferListenerAdapter - Downloading https://repo.maven.apache.org/maven2/org/codehaus/plexus/plexus-components/1.2/plexus-components-1.2.pom
2016-12-30 12:12:04,358 [Worker-24] INFO  o.e.m.c.i.e.AbstractTransferListenerAdapter - Downloaded https://repo.maven.apache.org/maven2/org/codehaus/plexus/plexus-components/1.2/plexus-components-1.2.pom
2016-12-30 12:12:04,425 [Worker-24] INFO  o.e.m.c.i.e.AbstractTransferListenerAdapter - Downloading https://repo.maven.apache.org/maven2/org/apache/commons/commons-compress/1.5/commons-compress-1.5.pom
2016-12-30 12:12:04,468 [Worker-24] INFO  o.e.m.c.i.e.AbstractTransferListenerAdapter - Downloaded https://repo.maven.apache.org/maven2/org/apache/commons/commons-compress/1.5/commons-compress-1.5.pom
2016-12-30 12:12:04,512 [Worker-24] INFO  o.e.m.c.i.e.AbstractTransferListenerAdapter - Downloading https://repo.maven.apache.org/maven2/org/apache/commons/commons-parent/28/commons-parent-28.pom
2016-12-30 12:12:04,573 [Worker-24] INFO  o.e.m.c.i.e.AbstractTransferListenerAdapter - Downloaded https://repo.maven.apache.org/maven2/org/apache/commons/commons-parent/28/commons-parent-28.pom
2016-12-30 12:12:04,629 [Worker-24] INFO  o.e.m.c.i.e.AbstractTransferListenerAdapter - Downloading https://repo.maven.apache.org/maven2/org/tukaani/xz/1.2/xz-1.2.pom
2016-12-30 12:12:04,673 [Worker-24] INFO  o.e.m.c.i.e.AbstractTransferListenerAdapter - Downloaded https://repo.maven.apache.org/maven2/org/tukaani/xz/1.2/xz-1.2.pom
2016-12-30 12:12:04,767 [Worker-24] INFO  o.e.m.c.i.e.AbstractTransferListenerAdapter - Downloading https://repo.maven.apache.org/maven2/org/codehaus/plexus/plexus-utils/3.0.15/plexus-utils-3.0.15.jar
2016-12-30 12:12:04,884 [Worker-24] INFO  o.e.m.c.i.e.AbstractTransferListenerAdapter - Downloaded https://repo.maven.apache.org/maven2/org/codehaus/plexus/plexus-utils/3.0.15/plexus-utils-3.0.15.jar
2016-12-30 12:12:04,922 [Worker-24] INFO  o.e.m.c.i.e.AbstractTransferListenerAdapter - Downloading https://repo.maven.apache.org/maven2/org/codehaus/plexus/plexus-archiver/2.4.4/plexus-archiver-2.4.4.jar
2016-12-30 12:12:05,004 [Worker-24] INFO  o.e.m.c.i.e.AbstractTransferListenerAdapter - Downloaded https://repo.maven.apache.org/maven2/org/codehaus/plexus/plexus-archiver/2.4.4/plexus-archiver-2.4.4.jar
2016-12-30 12:12:05,028 [Worker-24] INFO  o.e.m.c.i.e.AbstractTransferListenerAdapter - Downloading https://repo.maven.apache.org/maven2/org/codehaus/plexus/plexus-io/2.0.10/plexus-io-2.0.10.jar
2016-12-30 12:12:05,074 [Worker-24] INFO  o.e.m.c.i.e.AbstractTransferListenerAdapter - Downloaded https://repo.maven.apache.org/maven2/org/codehaus/plexus/plexus-io/2.0.10/plexus-io-2.0.10.jar
2016-12-30 12:12:05,098 [Worker-24] INFO  o.e.m.c.i.e.AbstractTransferListenerAdapter - Downloading https://repo.maven.apache.org/maven2/org/apache/commons/commons-compress/1.5/commons-compress-1.5.jar
2016-12-30 12:12:05,195 [Worker-24] INFO  o.e.m.c.i.e.AbstractTransferListenerAdapter - Downloaded https://repo.maven.apache.org/maven2/org/apache/commons/commons-compress/1.5/commons-compress-1.5.jar
2016-12-30 12:12:05,214 [Worker-24] INFO  o.e.m.c.i.e.AbstractTransferListenerAdapter - Downloading https://repo.maven.apache.org/maven2/org/tukaani/xz/1.2/xz-1.2.jar
2016-12-30 12:12:05,273 [Worker-24] INFO  o.e.m.c.i.e.AbstractTransferListenerAdapter - Downloaded https://repo.maven.apache.org/maven2/org/tukaani/xz/1.2/xz-1.2.jar
2016-12-30 12:12:07,644 [Worker-24] INFO  o.e.m.j.i.AbstractJavaProjectConfigurator - Adding source folder /library-module/src/main/java
2016-12-30 12:12:07,645 [Worker-24] INFO  o.e.m.j.i.AbstractJavaProjectConfigurator - Adding resource folder /library-module/src/main/resources
2016-12-30 12:12:07,679 [Worker-24] INFO  o.e.m.j.i.AbstractJavaProjectConfigurator - Adding source folder /library-module/src/test/java
2016-12-30 12:12:07,684 [Worker-24] INFO  o.e.m.j.i.AbstractJavaProjectConfigurator - Adding resource folder /library-module/src/test/resources
2016-12-30 12:12:09,492 [Worker-18] INFO  o.e.m.c.i.l.LifecycleMappingFactory - Using NULL lifecycle mapping for MavenProject: com.library:library-app:0.0.1-SNAPSHOT @ C:\Users\jstrahm\git\jstrahm-dev\j2ee-app\library-app\pom.xml.
2016-12-30 12:12:10,999 [Worker-18] INFO  o.e.m.c.i.l.LifecycleMappingFactory - Using org.eclipse.m2e.jdt.JarLifecycleMapping lifecycle mapping for MavenProject: com.library:library-module:0.0.1-SNAPSHOT @ C:\Users\jstrahm\git\jstrahm-dev\j2ee-app\library-app\library-module\pom.xml.
2016-12-30 12:12:12,434 [Worker-18] INFO  o.e.m.c.i.embedder.EclipseLogger - Using 'UTF-8' encoding to copy filtered resources.
2016-12-30 12:12:12,443 [Worker-18] INFO  o.e.m.c.i.embedder.EclipseLogger - Copying 0 resource
2016-12-30 12:12:12,449 [Worker-18] INFO  o.e.m.c.i.embedder.EclipseLogger - Using 'UTF-8' encoding to copy filtered resources.
2016-12-30 12:12:12,454 [Worker-18] INFO  o.e.m.c.i.embedder.EclipseLogger - Copying 0 resource
2016-12-30 12:12:14,371 [Worker-26] INFO  o.e.m.c.i.embedder.EclipseLogger - Using 'UTF-8' encoding to copy filtered resources.
2016-12-30 12:12:14,374 [Worker-26] INFO  o.e.m.c.i.embedder.EclipseLogger - Copying 0 resource
2016-12-30 12:12:14,380 [Worker-26] INFO  o.e.m.c.i.embedder.EclipseLogger - Using 'UTF-8' encoding to copy filtered resources.
2016-12-30 12:12:14,384 [Worker-26] INFO  o.e.m.c.i.embedder.EclipseLogger - Copying 0 resource
2016-12-30 12:13:30,268 [Worker-22] INFO  o.e.m.c.i.l.LifecycleMappingFactory - Using NULL lifecycle mapping for MavenProject: com.library:library-app:0.0.1-SNAPSHOT @ C:\Users\jstrahm\git\jstrahm-dev\j2ee-app\library-app\library-module\pom.xml.
2016-12-30 12:15:21,081 [Worker-26] INFO  o.e.m.c.i.p.ProjectConfigurationManager - Update started
2016-12-30 12:15:21,146 [Worker-26] INFO  o.e.m.c.i.l.LifecycleMappingFactory - Using NULL lifecycle mapping for MavenProject: com.library:library-app:0.0.1-SNAPSHOT @ C:\Users\jstrahm\git\jstrahm-dev\j2ee-app\library-app\pom.xml.
2016-12-30 12:15:21,294 [Worker-26] INFO  o.e.m.c.i.l.LifecycleMappingFactory - Using NULL lifecycle mapping for MavenProject: com.library:library-app:0.0.1-SNAPSHOT @ C:\Users\jstrahm\git\jstrahm-dev\j2ee-app\library-app\library-module\pom.xml.
2016-12-30 12:15:21,491 [Worker-26] INFO  o.e.m.c.i.p.ProjectConfigurationManager - Update completed: 0 sec
2016-12-30 14:05:51,635 [Worker-0] INFO  o.e.m.c.i.p.ProjectConfigurationManager - Update started
2016-12-30 14:05:51,909 [Worker-0] INFO  o.e.m.c.i.l.LifecycleMappingFactory - Using NULL lifecycle mapping for MavenProject: com.library:library-app:0.0.1-SNAPSHOT @ C:\Users\jstrahm\git\jstrahm-dev\j2ee-app\library-app\pom.xml.
2016-12-30 14:05:52,084 [Worker-0] INFO  o.e.m.c.i.l.LifecycleMappingFactory - Using NULL lifecycle mapping for MavenProject: com.library:library-app:0.0.1-SNAPSHOT @ C:\Users\jstrahm\git\jstrahm-dev\j2ee-app\library-app\library-module\pom.xml.
2016-12-30 14:05:52,505 [Worker-0] INFO  o.e.m.c.i.p.ProjectConfigurationManager - Update completed: 0 sec
2016-12-30 14:11:19,059 [Worker-4] INFO  o.e.m.c.i.l.LifecycleMappingFactory - Using NULL lifecycle mapping for MavenProject: com.library:library-app:0.0.1-SNAPSHOT @ C:\Users\jstrahm\git\jstrahm-dev\j2ee-app\library-app\pom.xml.
2016-12-30 14:11:45,074 [Worker-12] INFO  o.e.m.c.i.l.LifecycleMappingFactory - Using org.eclipse.m2e.jdt.JarLifecycleMapping lifecycle mapping for MavenProject: com.library:library-model:0.0.1-SNAPSHOT @ C:\Users\jstrahm\git\jstrahm-dev\j2ee-app\library-app\library-module\pom.xml.
2016-12-30 14:11:46,480 [Worker-12] INFO  o.e.m.c.i.embedder.EclipseLogger - Using 'UTF-8' encoding to copy filtered resources.
2016-12-30 14:11:46,485 [Worker-12] INFO  o.e.m.c.i.embedder.EclipseLogger - Copying 0 resource
2016-12-30 14:11:46,487 [Worker-12] INFO  o.e.m.c.i.embedder.EclipseLogger - Using 'UTF-8' encoding to copy filtered resources.
2016-12-30 14:11:46,488 [Worker-12] INFO  o.e.m.c.i.embedder.EclipseLogger - Copying 1 resource
2016-12-30 14:11:48,491 [Worker-11] INFO  o.e.m.c.i.embedder.EclipseLogger - Using 'UTF-8' encoding to copy filtered resources.
2016-12-30 14:11:48,497 [Worker-11] INFO  o.e.m.c.i.embedder.EclipseLogger - Copying 0 resource
2016-12-30 14:11:48,498 [Worker-11] INFO  o.e.m.c.i.embedder.EclipseLogger - Using 'UTF-8' encoding to copy filtered resources.
2016-12-30 14:11:48,500 [Worker-11] INFO  o.e.m.c.i.embedder.EclipseLogger - Copying 1 resource
2016-12-30 14:13:01,255 [Worker-2] INFO  o.e.m.c.i.p.ProjectConfigurationManager - Update started
2016-12-30 14:13:01,342 [Worker-2] INFO  o.e.m.c.i.l.LifecycleMappingFactory - Using NULL lifecycle mapping for MavenProject: com.library:library-app:0.0.1-SNAPSHOT @ C:\Users\jstrahm\git\jstrahm-dev\j2ee-app\library-app\pom.xml.
2016-12-30 14:13:02,506 [Worker-2] INFO  o.e.m.c.i.l.LifecycleMappingFactory - Using org.eclipse.m2e.jdt.JarLifecycleMapping lifecycle mapping for MavenProject: com.library:library-model:0.0.1-SNAPSHOT @ C:\Users\jstrahm\git\jstrahm-dev\j2ee-app\library-app\library-module\pom.xml.
2016-12-30 14:13:03,037 [Worker-2] INFO  o.e.m.j.i.AbstractJavaProjectConfigurator - Adding source folder /library-module/src/main/java
2016-12-30 14:13:03,038 [Worker-2] INFO  o.e.m.j.i.AbstractJavaProjectConfigurator - Adding resource folder /library-module/src/main/resources
2016-12-30 14:13:03,039 [Worker-2] INFO  o.e.m.j.i.AbstractJavaProjectConfigurator - Adding source folder /library-module/src/test/java
2016-12-30 14:13:03,046 [Worker-2] INFO  o.e.m.j.i.AbstractJavaProjectConfigurator - Adding resource folder /library-module/src/test/resources
2016-12-30 14:13:04,261 [Worker-2] INFO  o.e.m.c.i.p.ProjectConfigurationManager - Update completed: 3 sec
2016-12-30 14:13:08,410 [Worker-5] INFO  o.e.m.c.i.embedder.EclipseLogger - Using 'UTF-8' encoding to copy filtered resources.
2016-12-30 14:13:08,411 [Worker-5] INFO  o.e.m.c.i.embedder.EclipseLogger - Copying 0 resource
2016-12-30 14:13:08,421 [Worker-5] INFO  o.e.m.c.i.embedder.EclipseLogger - Using 'UTF-8' encoding to copy filtered resources.
2016-12-30 14:13:08,430 [Worker-5] INFO  o.e.m.c.i.embedder.EclipseLogger - Copying 1 resource
2016-12-30 14:16:56,179 [Worker-3] INFO  o.e.m.c.i.embedder.EclipseLogger - Using 'UTF-8' encoding to copy filtered resources.
2016-12-30 14:16:56,182 [Worker-3] INFO  o.e.m.c.i.embedder.EclipseLogger - Copying 0 resource
2016-12-30 14:16:56,190 [Worker-3] INFO  o.e.m.c.i.embedder.EclipseLogger - Using 'UTF-8' encoding to copy filtered resources.
2016-12-30 14:16:56,195 [Worker-3] INFO  o.e.m.c.i.embedder.EclipseLogger - Copying 1 resource
2016-12-30 14:17:46,634 [Worker-14] INFO  o.e.m.c.i.embedder.EclipseLogger - Using 'UTF-8' encoding to copy filtered resources.
2016-12-30 14:17:46,635 [Worker-14] INFO  o.e.m.c.i.embedder.EclipseLogger - Copying 0 resource
2016-12-30 14:17:46,651 [Worker-14] INFO  o.e.m.c.i.embedder.EclipseLogger - Using 'UTF-8' encoding to copy filtered resources.
2016-12-30 14:17:46,686 [Worker-14] INFO  o.e.m.c.i.embedder.EclipseLogger - Copying 1 resource
2016-12-30 14:18:56,430 [Worker-2] INFO  o.e.m.c.i.embedder.EclipseLogger - Using 'UTF-8' encoding to copy filtered resources.
2016-12-30 14:18:56,431 [Worker-2] INFO  o.e.m.c.i.embedder.EclipseLogger - Copying 0 resource
2016-12-30 14:18:56,438 [Worker-2] INFO  o.e.m.c.i.embedder.EclipseLogger - Using 'UTF-8' encoding to copy filtered resources.
2016-12-30 14:18:56,445 [Worker-2] INFO  o.e.m.c.i.embedder.EclipseLogger - Copying 0 resource
2016-12-30 14:19:49,362 [Worker-7] INFO  o.e.m.c.i.embedder.EclipseLogger - Using 'UTF-8' encoding to copy filtered resources.
2016-12-30 14:19:49,363 [Worker-7] INFO  o.e.m.c.i.embedder.EclipseLogger - Copying 0 resource
2016-12-30 14:19:49,383 [Worker-7] INFO  o.e.m.c.i.embedder.EclipseLogger - Using 'UTF-8' encoding to copy filtered resources.
2016-12-30 14:19:49,389 [Worker-7] INFO  o.e.m.c.i.embedder.EclipseLogger - Copying 1 resource
2016-12-30 14:20:39,612 [Worker-5] INFO  o.e.m.c.i.embedder.EclipseLogger - Using 'UTF-8' encoding to copy filtered resources.
2016-12-30 14:20:39,613 [Worker-5] INFO  o.e.m.c.i.embedder.EclipseLogger - Copying 0 resource
2016-12-30 14:20:39,621 [Worker-5] INFO  o.e.m.c.i.embedder.EclipseLogger - Using 'UTF-8' encoding to copy filtered resources.
2016-12-30 14:20:39,634 [Worker-5] INFO  o.e.m.c.i.embedder.EclipseLogger - Copying 1 resource
2017-01-04 08:40:08,217 [Worker-4] INFO  o.e.m.c.i.embedder.EclipseLogger - Using 'UTF-8' encoding to copy filtered resources.
2017-01-04 08:40:08,229 [Worker-4] INFO  o.e.m.c.i.embedder.EclipseLogger - Copying 0 resource
2017-01-04 08:40:08,232 [Worker-4] INFO  o.e.m.c.i.embedder.EclipseLogger - Using 'UTF-8' encoding to copy filtered resources.
2017-01-04 08:40:08,233 [Worker-4] INFO  o.e.m.c.i.embedder.EclipseLogger - Copying 1 resource
2017-01-04 09:27:58,736 [Worker-3] INFO  o.e.m.c.i.embedder.EclipseLogger - Using 'UTF-8' encoding to copy filtered resources.
2017-01-04 09:27:58,743 [Worker-3] INFO  o.e.m.c.i.embedder.EclipseLogger - Copying 0 resource
2017-01-04 09:27:58,745 [Worker-3] INFO  o.e.m.c.i.embedder.EclipseLogger - Using 'UTF-8' encoding to copy filtered resources.
2017-01-04 09:27:58,752 [Worker-3] INFO  o.e.m.c.i.embedder.EclipseLogger - Copying 1 resource
